[0m[[0m[0mdebug[0m] [0m[0m> Exec(test:runMain ProgramCounterTester, None, None)[0m
[0m[[0m[0mdebug[0m] [0m[0mEvaluating tasks: Test / runMain[0m
[0m[[0m[33mwarn[0m] [0m[0msbt 0.13 shell syntax is deprecated; use slash syntax instead: Test / runMain[0m
[0m[[0m[0mdebug[0m] [0m[0mRunning task... Cancel: Signal, check cycles: false, forcegc: true[0m
[0m[[0m[0minfo[0m] [0m[0mcompiling 1 Scala source to /home/lucia/Documents/GitHub/chiselproject/target/scala-2.12/classes ...[0m
[0m[[0m[31merror[0m] [0m[0m/home/lucia/Documents/GitHub/chiselproject/src/main/scala/ProgramCounter.scala:13:3: not found: value programCounter[0m
[0m[[0m[31merror[0m] [0m[0m  programCounter := programCounter[0m
[0m[[0m[31merror[0m] [0m[0m  ^[0m
[0m[[0m[31merror[0m] [0m[0m/home/lucia/Documents/GitHub/chiselproject/src/main/scala/ProgramCounter.scala:13:21: not found: value programCounter[0m
[0m[[0m[31merror[0m] [0m[0m  programCounter := programCounter[0m
[0m[[0m[31merror[0m] [0m[0m                    ^[0m
[0m[[0m[31merror[0m] [0m[0m/home/lucia/Documents/GitHub/chiselproject/src/main/scala/ProgramCounter.scala:15:8: not found: value run[0m
[0m[[0m[31merror[0m] [0m[0m  when(run & !stop & !jump){[0m
[0m[[0m[31merror[0m] [0m[0m       ^[0m
[0m[[0m[31merror[0m] [0m[0m/home/lucia/Documents/GitHub/chiselproject/src/main/scala/ProgramCounter.scala:15:14: value unary_! is not a member of object chisel3.stop[0m
[0m[[0m[31merror[0m] [0m[0m  when(run & !stop & !jump){[0m
[0m[[0m[31merror[0m] [0m[0m             ^[0m
[0m[[0m[31merror[0m] [0m[0m/home/lucia/Documents/GitHub/chiselproject/src/main/scala/ProgramCounter.scala:15:23: not found: value jump[0m
[0m[[0m[31merror[0m] [0m[0m  when(run & !stop & !jump){[0m
[0m[[0m[31merror[0m] [0m[0m                      ^[0m
[0m[[0m[31merror[0m] [0m[0m/home/lucia/Documents/GitHub/chiselproject/src/main/scala/ProgramCounter.scala:16:7: not found: value programCounter[0m
[0m[[0m[31merror[0m] [0m[0m      programCounter := programCounter + 1[0m
[0m[[0m[31merror[0m] [0m[0m      ^[0m
[0m[[0m[31merror[0m] [0m[0m/home/lucia/Documents/GitHub/chiselproject/src/main/scala/ProgramCounter.scala:16:25: not found: value programCounter[0m
[0m[[0m[31merror[0m] [0m[0m      programCounter := programCounter + 1[0m
[0m[[0m[31merror[0m] [0m[0m                        ^[0m
[0m[[0m[31merror[0m] [0m[0m/home/lucia/Documents/GitHub/chiselproject/src/main/scala/ProgramCounter.scala:18:13: not found: value run[0m
[0m[[0m[31merror[0m] [0m[0m  .elsewhen(run & !stop & jump){[0m
[0m[[0m[31merror[0m] [0m[0m            ^[0m
[0m[[0m[31merror[0m] [0m[0m/home/lucia/Documents/GitHub/chiselproject/src/main/scala/ProgramCounter.scala:18:19: value unary_! is not a member of object chisel3.stop[0m
[0m[[0m[31merror[0m] [0m[0m  .elsewhen(run & !stop & jump){[0m
[0m[[0m[31merror[0m] [0m[0m                  ^[0m
[0m[[0m[31merror[0m] [0m[0m/home/lucia/Documents/GitHub/chiselproject/src/main/scala/ProgramCounter.scala:18:27: not found: value jump[0m
[0m[[0m[31merror[0m] [0m[0m  .elsewhen(run & !stop & jump){[0m
[0m[[0m[31merror[0m] [0m[0m                          ^[0m
[0m[[0m[31merror[0m] [0m[0m/home/lucia/Documents/GitHub/chiselproject/src/main/scala/ProgramCounter.scala:19:7: not found: value programCounter[0m
[0m[[0m[31merror[0m] [0m[0m      programCounter := programCounterJump[0m
[0m[[0m[31merror[0m] [0m[0m      ^[0m
[0m[[0m[31merror[0m] [0m[0m/home/lucia/Documents/GitHub/chiselproject/src/main/scala/ProgramCounter.scala:19:25: not found: value programCounterJump[0m
[0m[[0m[31merror[0m] [0m[0m      programCounter := programCounterJump[0m
[0m[[0m[31merror[0m] [0m[0m                        ^[0m
[0m[[0m[31merror[0m] [0m[0m12 errors found[0m
[0m[[0m[0mdebug[0m] [0m[0mForcing garbage collection...[0m
[0m[[0m[31merror[0m] [0m[0m(Compile / [31mcompileIncremental[0m) Compilation failed[0m
[0m[[0m[31merror[0m] [0m[0mTotal time: 2 s, completed Oct 9, 2024 5:24:09 PM[0m
[0m[[0m[0mdebug[0m] [0m[0m> Exec(idea-shell, None, None)[0m
